<?xml version="1.0" encoding="UTF-8"?>
<robot generator="Robot 3.0.4 (Python 3.7.0 on win32)" generated="20180922 12:17:51.910">
<suite id="s1" name="Test02" source="C:\Users\Paola Lopez\Documents\ClaseRobot\test02\test02.robot">
<test id="s1-t1" name="Buscar Palabra en el Navegador Chrome">
<kw name="Abrir navegador">
<kw name="Open Browser" library="SeleniumLibrary">
<doc>Opens a new browser instance to the given ``url``.</doc>
<arguments>
<arg>http://google.com</arg>
<arg>${navegador}</arg>
</arguments>
<msg timestamp="20180922 12:17:52.056" level="INFO">Opening browser 'gc' to base url 'http://google.com'.</msg>
<status status="PASS" starttime="20180922 12:17:52.056" endtime="20180922 12:17:57.721"></status>
</kw>
<status status="PASS" starttime="20180922 12:17:52.056" endtime="20180922 12:17:57.722"></status>
</kw>
<kw name="Maximize Browser Window" library="SeleniumLibrary">
<doc>Maximizes current browser window.</doc>
<status status="PASS" starttime="20180922 12:17:57.723" endtime="20180922 12:17:58.840"></status>
</kw>
<kw name="Go To" library="SeleniumLibrary">
<doc>Navigates the active browser instance to the provided ``url``.</doc>
<arguments>
<arg>http://winstoncastillo.com/udemy/</arg>
</arguments>
<msg timestamp="20180922 12:17:58.841" level="INFO">Opening url 'http://winstoncastillo.com/udemy/'</msg>
<status status="PASS" starttime="20180922 12:17:58.840" endtime="20180922 12:17:59.624"></status>
</kw>
<kw name="Set Focus To Element" library="SeleniumLibrary">
<doc>Sets focus to element identified by ``locator``.</doc>
<arguments>
<arg>css=body &gt; div.container.align-middle &gt; div &gt; div:nth-child(4) &gt; a:nth-child(2)</arg>
</arguments>
<status status="PASS" starttime="20180922 12:17:59.625" endtime="20180922 12:17:59.668"></status>
</kw>
<kw name="Click Element" library="SeleniumLibrary">
<doc>Click element identified by ``locator``.</doc>
<arguments>
<arg>css=body &gt; div.container.align-middle &gt; div &gt; div:nth-child(4) &gt; a:nth-child(2)</arg>
</arguments>
<msg timestamp="20180922 12:17:59.669" level="INFO">Clicking element 'css=body &gt; div.container.align-middle &gt; div &gt; div:nth-child(4) &gt; a:nth-child(2)'.</msg>
<status status="PASS" starttime="20180922 12:17:59.669" endtime="20180922 12:17:59.773"></status>
</kw>
<kw name="Element Text Should Be" library="SeleniumLibrary">
<doc>Verifies that element ``locator`` contains exact text ``expected``.</doc>
<arguments>
<arg>css=body &gt; div.container.align-middle &gt; div &gt; div:nth-child(4) &gt; a:nth-child(2)</arg>
<arg>Modal title</arg>
</arguments>
<msg timestamp="20180922 12:17:59.774" level="INFO">Verifying element 'css=body &gt; div.container.align-middle &gt; div &gt; div:nth-child(4) &gt; a:nth-child(2)' contains exact text 'Modal title'.</msg>
<kw name="Capture Page Screenshot" library="SeleniumLibrary">
<doc>Takes screenshot of the current page and embeds it into log file.</doc>
<msg timestamp="20180922 12:18:00.336" level="INFO" html="yes">&lt;/td&gt;&lt;/tr&gt;&lt;tr&gt;&lt;td colspan="3"&gt;&lt;a href="selenium-screenshot-8.png"&gt;&lt;img src="selenium-screenshot-8.png" width="800px"&gt;&lt;/a&gt;</msg>
<status status="PASS" starttime="20180922 12:17:59.805" endtime="20180922 12:18:00.336"></status>
</kw>
<msg timestamp="20180922 12:18:00.338" level="FAIL">The text of element 'css=body &gt; div.container.align-middle &gt; div &gt; div:nth-child(4) &gt; a:nth-child(2)' should have been 'Modal title' but it was 'Este hace aparecer una ventana nueva'.</msg>
<status status="FAIL" starttime="20180922 12:17:59.774" endtime="20180922 12:18:00.338"></status>
</kw>
<status status="FAIL" starttime="20180922 12:17:52.055" endtime="20180922 12:18:00.338" critical="yes">The text of element 'css=body &gt; div.container.align-middle &gt; div &gt; div:nth-child(4) &gt; a:nth-child(2)' should have been 'Modal title' but it was 'Este hace aparecer una ventana nueva'.</status>
</test>
<status status="FAIL" starttime="20180922 12:17:51.911" endtime="20180922 12:18:00.342"></status>
</suite>
<statistics>
<total>
<stat pass="0" fail="1">Critical Tests</stat>
<stat pass="0" fail="1">All Tests</stat>
</total>
<tag>
</tag>
<suite>
<stat pass="0" fail="1" id="s1" name="Test02">Test02</stat>
</suite>
</statistics>
<errors>
</errors>
</robot>
