<?xml version="1.0" encoding="UTF-8"?>
<robot generator="Robot 3.0.4 (Python 3.7.0 on win32)" generated="20180922 11:19:53.402">
<suite id="s1" name="Test03" source="C:\Users\Paola Lopez\Documents\ClaseRobot\test03\test03.robot">
<test id="s1-t1" name="Buscar Palabra en el Navegador Chrome">
<kw name="Abrir navegador">
<kw name="Open Browser" library="SeleniumLibrary">
<doc>Opens a new browser instance to the given ``url``.</doc>
<arguments>
<arg>http://google.com</arg>
<arg>${navegador}</arg>
</arguments>
<msg timestamp="20180922 11:19:53.552" level="INFO">Opening browser 'gc' to base url 'http://google.com'.</msg>
<status status="PASS" starttime="20180922 11:19:53.552" endtime="20180922 11:19:59.215"></status>
</kw>
<status status="PASS" starttime="20180922 11:19:53.552" endtime="20180922 11:19:59.215"></status>
</kw>
<kw name="Maximize Browser Window" library="SeleniumLibrary">
<doc>Maximizes current browser window.</doc>
<status status="PASS" starttime="20180922 11:19:59.216" endtime="20180922 11:20:00.343"></status>
</kw>
<kw name="Go To" library="SeleniumLibrary">
<doc>Navigates the active browser instance to the provided ``url``.</doc>
<arguments>
<arg>http://automationpractice.com/index.php</arg>
</arguments>
<msg timestamp="20180922 11:20:00.344" level="INFO">Opening url 'http://automationpractice.com/index.php'</msg>
<status status="PASS" starttime="20180922 11:20:00.344" endtime="20180922 11:20:04.386"></status>
</kw>
<kw name="Click Element" library="SeleniumLibrary">
<doc>Click element identified by ``locator``.</doc>
<arguments>
<arg>css=#contact-link &gt; a</arg>
</arguments>
<msg timestamp="20180922 11:20:04.387" level="INFO">Clicking element 'css=#contact-link &gt; a'.</msg>
<status status="PASS" starttime="20180922 11:20:04.387" endtime="20180922 11:20:05.199"></status>
</kw>
<kw name="Click Element" library="SeleniumLibrary">
<doc>Click element identified by ``locator``.</doc>
<arguments>
<arg>id=id_contact</arg>
</arguments>
<msg timestamp="20180922 11:20:05.200" level="INFO">Clicking element 'id=id_contact'.</msg>
<status status="PASS" starttime="20180922 11:20:05.199" endtime="20180922 11:20:05.325"></status>
</kw>
<kw name="Click Element" library="SeleniumLibrary">
<doc>Click element identified by ``locator``.</doc>
<arguments>
<arg>xpath=//*[@id="id_contact"]/option[3]</arg>
</arguments>
<msg timestamp="20180922 11:20:05.327" level="INFO">Clicking element 'xpath=//*[@id="id_contact"]/option[3]'.</msg>
<status status="PASS" starttime="20180922 11:20:05.327" endtime="20180922 11:20:05.392"></status>
</kw>
<kw name="Click Element" library="SeleniumLibrary">
<doc>Click element identified by ``locator``.</doc>
<arguments>
<arg>css=#email</arg>
</arguments>
<msg timestamp="20180922 11:20:05.393" level="INFO">Clicking element 'css=#email'.</msg>
<status status="PASS" starttime="20180922 11:20:05.393" endtime="20180922 11:20:05.489"></status>
</kw>
<kw name="Input Text" library="SeleniumLibrary">
<doc>Types the given ``text`` into text field identified by ``locator``.</doc>
<arguments>
<arg>css=#email</arg>
<arg>test@gmail.com</arg>
</arguments>
<msg timestamp="20180922 11:20:05.489" level="INFO">Typing text 'test@gmail.com' into text field 'css=#email'.</msg>
<status status="PASS" starttime="20180922 11:20:05.489" endtime="20180922 11:20:05.605"></status>
</kw>
<kw name="Set Focus To Element" library="SeleniumLibrary">
<doc>Sets focus to element identified by ``locator``.</doc>
<arguments>
<arg>css=#id_order</arg>
</arguments>
<status status="PASS" starttime="20180922 11:20:05.606" endtime="20180922 11:20:05.652"></status>
</kw>
<kw name="Input Text" library="SeleniumLibrary">
<doc>Types the given ``text`` into text field identified by ``locator``.</doc>
<arguments>
<arg>css=#id_order</arg>
<arg>order</arg>
</arguments>
<msg timestamp="20180922 11:20:05.653" level="INFO">Typing text 'order' into text field 'css=#id_order'.</msg>
<status status="PASS" starttime="20180922 11:20:05.653" endtime="20180922 11:20:05.731"></status>
</kw>
<kw name="Input Text" library="SeleniumLibrary">
<doc>Types the given ``text`` into text field identified by ``locator``.</doc>
<arguments>
<arg>css=#message</arg>
<arg>test paola</arg>
</arguments>
<msg timestamp="20180922 11:20:05.732" level="INFO">Typing text 'test paola' into text field 'css=#message'.</msg>
<status status="PASS" starttime="20180922 11:20:05.732" endtime="20180922 11:20:05.843"></status>
</kw>
<kw name="Set Focus To Element" library="SeleniumLibrary">
<doc>Sets focus to element identified by ``locator``.</doc>
<arguments>
<arg>css=#submitMessage &gt; span</arg>
</arguments>
<status status="PASS" starttime="20180922 11:20:05.843" endtime="20180922 11:20:05.867"></status>
</kw>
<kw name="Close Browser" library="SeleniumLibrary">
<doc>Closes the current browser.</doc>
<status status="PASS" starttime="20180922 11:20:05.868" endtime="20180922 11:20:08.068"></status>
</kw>
<status status="PASS" starttime="20180922 11:19:53.551" endtime="20180922 11:20:08.070" critical="yes"></status>
</test>
<status status="PASS" starttime="20180922 11:19:53.404" endtime="20180922 11:20:08.081"></status>
</suite>
<statistics>
<total>
<stat pass="1" fail="0">Critical Tests</stat>
<stat pass="1" fail="0">All Tests</stat>
</total>
<tag>
</tag>
<suite>
<stat pass="1" fail="0" id="s1" name="Test03">Test03</stat>
</suite>
</statistics>
<errors>
</errors>
</robot>
